<?xml version="1.0" encoding="UTF-8"?>
<!-- Generated by org.testng.reporters.JUnitXMLReporter -->
<testsuite ignored="0" hostname="LAPTOP-DK6TK74Q" failures="0" tests="2" name="Default test" time="64.096" errors="0" timestamp="2021-06-14T14:26:46 IST">
  <testcase classname="com.crm.comcast.VtigerTest.CreateOrganizationTest" name="createOrgTest" time="27.469"/>
  <testcase classname="com.crm.comcast.VtigerTest.CreateOrganizationTest" name="createOrgWithType" time="0.004"/>
</testsuite> <!-- Default test -->
